<?xml version="1.0" encoding="UTF-8"?>
<!-- Generated by org.testng.reporters.JUnitReportReporter -->
<testsuite hostname="Twin-Turbo" failures="0" tests="3" name="TestKonsbergGeospatial" time="17.480" errors="0" timestamp="9 May 2024 13:50:49 GMT">
  <testcase classname="TestKonsbergGeospatial" name="checkInquiryForm" time="5.679"/>
  <testcase classname="TestKonsbergGeospatial" name="checkInquiryForm" time="6.199"/>
  <testcase classname="TestKonsbergGeospatial" name="checkInquiryForm" time="5.602"/>
</testsuite> <!-- TestKonsbergGeospatial -->
