<?xml version="1.0" encoding="UTF-8"?>
<!-- Generated by org.testng.reporters.JUnitReportReporter -->
<testsuite hostname="Twin-Turbo" failures="0" tests="1" name="TestKonsbergGeospatial" time="14.851" errors="0" timestamp="1 May 2024 17:21:53 GMT">
  <testcase classname="TestKonsbergGeospatial" name="checkVisitorsVisaDocuments" time="14.851"/>
</testsuite> <!-- TestKonsbergGeospatial -->
